[2019-09-10 09:11:42,598] {taskinstance.py:620} INFO - Dependencies all met for <TaskInstance: ahhaha_titanic_analysis.upload_file_to_s3 2019-01-01T00:00:00+00:00 [queued]>
[2019-09-10 09:11:42,604] {taskinstance.py:620} INFO - Dependencies all met for <TaskInstance: ahhaha_titanic_analysis.upload_file_to_s3 2019-01-01T00:00:00+00:00 [queued]>
[2019-09-10 09:11:42,604] {taskinstance.py:838} INFO - 
--------------------------------------------------------------------------------
[2019-09-10 09:11:42,605] {taskinstance.py:839} INFO - Starting attempt 1 of 1
[2019-09-10 09:11:42,605] {taskinstance.py:840} INFO - 
--------------------------------------------------------------------------------
[2019-09-10 09:11:42,626] {taskinstance.py:859} INFO - Executing <Task(PythonOperator): upload_file_to_s3> on 2019-01-01T00:00:00+00:00
[2019-09-10 09:11:42,626] {base_task_runner.py:133} INFO - Running: ['airflow', 'run', 'ahhaha_titanic_analysis', 'upload_file_to_s3', '2019-01-01T00:00:00+00:00', '--job_id', '67', '--pool', 'default_pool', '--raw', '-sd', 'DAGS_FOLDER/operations.py', '--cfg_path', '/tmp/tmpv3adc6er']
[2019-09-10 09:11:43,013] {base_task_runner.py:115} INFO - Job 67: Subtask upload_file_to_s3 [2019-09-10 09:11:43,013] {__init__.py:51} INFO - Using executor SequentialExecutor
[2019-09-10 09:11:43,279] {base_task_runner.py:115} INFO - Job 67: Subtask upload_file_to_s3 [2019-09-10 09:11:43,279] {dagbag.py:90} INFO - Filling up the DagBag from /home/jennie/airflow/dags/operations.py
[2019-09-10 09:11:43,496] {base_task_runner.py:115} INFO - Job 67: Subtask upload_file_to_s3 /home/jennie/workspace/airflow_venv/lib/python3.7/site-packages/airflow/utils/helpers.py:423: DeprecationWarning: Importing 'PythonOperator' directly from 'airflow.operators' has been deprecated. Please import from 'airflow.operators.[operator_module]' instead. Support for direct imports will be dropped entirely in Airflow 2.0.
[2019-09-10 09:11:43,496] {base_task_runner.py:115} INFO - Job 67: Subtask upload_file_to_s3   DeprecationWarning)
[2019-09-10 09:11:43,496] {base_task_runner.py:115} INFO - Job 67: Subtask upload_file_to_s3 /home/jennie/workspace/airflow_venv/lib/python3.7/site-packages/airflow/utils/helpers.py:423: DeprecationWarning: Importing 'DummyOperator' directly from 'airflow.operators' has been deprecated. Please import from 'airflow.operators.[operator_module]' instead. Support for direct imports will be dropped entirely in Airflow 2.0.
[2019-09-10 09:11:43,497] {base_task_runner.py:115} INFO - Job 67: Subtask upload_file_to_s3   DeprecationWarning)
[2019-09-10 09:11:43,515] {base_task_runner.py:115} INFO - Job 67: Subtask upload_file_to_s3 [2019-09-10 09:11:43,514] {credentials.py:1182} INFO - Found credentials in shared credentials file: ~/.aws/credentials
[2019-09-10 09:11:48,926] {base_task_runner.py:115} INFO - Job 67: Subtask upload_file_to_s3 [2019-09-10 09:11:48,925] {cli.py:516} INFO - Running <TaskInstance: ahhaha_titanic_analysis.upload_file_to_s3 2019-01-01T00:00:00+00:00 [running]> on host Jennie-ubuntu-GX501VSK
[2019-09-10 09:11:48,935] {python_operator.py:105} INFO - Exporting the following env vars:
AIRFLOW_CTX_DAG_ID=ahhaha_titanic_analysis
AIRFLOW_CTX_TASK_ID=upload_file_to_s3
AIRFLOW_CTX_EXECUTION_DATE=2019-01-01T00:00:00+00:00
AIRFLOW_CTX_DAG_RUN_ID=scheduled__2019-01-01T00:00:00+00:00
[2019-09-10 09:11:48,936] {logging_mixin.py:95} INFO - Uploading to s3
[2019-09-10 09:11:48,936] {taskinstance.py:1051} ERROR - name 's3' is not defined
Traceback (most recent call last):
  File "/home/jennie/workspace/airflow_venv/lib/python3.7/site-packages/airflow/models/taskinstance.py", line 926, in _run_raw_task
    result = task_copy.execute(context=context)
  File "/home/jennie/workspace/airflow_venv/lib/python3.7/site-packages/airflow/operators/python_operator.py", line 113, in execute
    return_value = self.execute_callable()
  File "/home/jennie/workspace/airflow_venv/lib/python3.7/site-packages/airflow/operators/python_operator.py", line 118, in execute_callable
    return self.python_callable(*self.op_args, **self.op_kwargs)
  File "/home/jennie/airflow/dags/task2_upload.py", line 6, in upload_file_to_s3
    s3.Bucket(bucket_name).upload_file(filename, key)
NameError: name 's3' is not defined
[2019-09-10 09:11:48,942] {taskinstance.py:1082} INFO - Marking task as FAILED.
[2019-09-10 09:11:48,965] {base_task_runner.py:115} INFO - Job 67: Subtask upload_file_to_s3 Traceback (most recent call last):
[2019-09-10 09:11:48,965] {base_task_runner.py:115} INFO - Job 67: Subtask upload_file_to_s3   File "/home/jennie/workspace/airflow_venv/bin/airflow", line 32, in <module>
[2019-09-10 09:11:48,965] {base_task_runner.py:115} INFO - Job 67: Subtask upload_file_to_s3     args.func(args)
[2019-09-10 09:11:48,965] {base_task_runner.py:115} INFO - Job 67: Subtask upload_file_to_s3   File "/home/jennie/workspace/airflow_venv/lib/python3.7/site-packages/airflow/utils/cli.py", line 74, in wrapper
[2019-09-10 09:11:48,965] {base_task_runner.py:115} INFO - Job 67: Subtask upload_file_to_s3     return f(*args, **kwargs)
[2019-09-10 09:11:48,965] {base_task_runner.py:115} INFO - Job 67: Subtask upload_file_to_s3   File "/home/jennie/workspace/airflow_venv/lib/python3.7/site-packages/airflow/bin/cli.py", line 522, in run
[2019-09-10 09:11:48,965] {base_task_runner.py:115} INFO - Job 67: Subtask upload_file_to_s3     _run(args, dag, ti)
[2019-09-10 09:11:48,965] {base_task_runner.py:115} INFO - Job 67: Subtask upload_file_to_s3   File "/home/jennie/workspace/airflow_venv/lib/python3.7/site-packages/airflow/bin/cli.py", line 440, in _run
[2019-09-10 09:11:48,966] {base_task_runner.py:115} INFO - Job 67: Subtask upload_file_to_s3     pool=args.pool,
[2019-09-10 09:11:48,966] {base_task_runner.py:115} INFO - Job 67: Subtask upload_file_to_s3   File "/home/jennie/workspace/airflow_venv/lib/python3.7/site-packages/airflow/utils/db.py", line 74, in wrapper
[2019-09-10 09:11:48,966] {base_task_runner.py:115} INFO - Job 67: Subtask upload_file_to_s3     return func(*args, **kwargs)
[2019-09-10 09:11:48,966] {base_task_runner.py:115} INFO - Job 67: Subtask upload_file_to_s3   File "/home/jennie/workspace/airflow_venv/lib/python3.7/site-packages/airflow/models/taskinstance.py", line 926, in _run_raw_task
[2019-09-10 09:11:48,966] {base_task_runner.py:115} INFO - Job 67: Subtask upload_file_to_s3     result = task_copy.execute(context=context)
[2019-09-10 09:11:48,966] {base_task_runner.py:115} INFO - Job 67: Subtask upload_file_to_s3   File "/home/jennie/workspace/airflow_venv/lib/python3.7/site-packages/airflow/operators/python_operator.py", line 113, in execute
[2019-09-10 09:11:48,966] {base_task_runner.py:115} INFO - Job 67: Subtask upload_file_to_s3     return_value = self.execute_callable()
[2019-09-10 09:11:48,966] {base_task_runner.py:115} INFO - Job 67: Subtask upload_file_to_s3   File "/home/jennie/workspace/airflow_venv/lib/python3.7/site-packages/airflow/operators/python_operator.py", line 118, in execute_callable
[2019-09-10 09:11:48,966] {base_task_runner.py:115} INFO - Job 67: Subtask upload_file_to_s3     return self.python_callable(*self.op_args, **self.op_kwargs)
[2019-09-10 09:11:48,966] {base_task_runner.py:115} INFO - Job 67: Subtask upload_file_to_s3   File "/home/jennie/airflow/dags/task2_upload.py", line 6, in upload_file_to_s3
[2019-09-10 09:11:48,966] {base_task_runner.py:115} INFO - Job 67: Subtask upload_file_to_s3     s3.Bucket(bucket_name).upload_file(filename, key)
[2019-09-10 09:11:48,966] {base_task_runner.py:115} INFO - Job 67: Subtask upload_file_to_s3 NameError: name 's3' is not defined
[2019-09-10 09:11:52,613] {logging_mixin.py:95} INFO - [[34m2019-09-10 09:11:52,612[0m] {[34mlocal_task_job.py:[0m105} INFO[0m - Task exited with return code 1[0m
