[2019-09-10 09:50:31,849] {taskinstance.py:620} INFO - Dependencies all met for <TaskInstance: ahhaha_titanic_analysis.upload_file_to_s3 2019-01-01T00:00:00+00:00 [queued]>
[2019-09-10 09:50:31,869] {taskinstance.py:620} INFO - Dependencies all met for <TaskInstance: ahhaha_titanic_analysis.upload_file_to_s3 2019-01-01T00:00:00+00:00 [queued]>
[2019-09-10 09:50:31,869] {taskinstance.py:838} INFO - 
--------------------------------------------------------------------------------
[2019-09-10 09:50:31,870] {taskinstance.py:839} INFO - Starting attempt 5 of 5
[2019-09-10 09:50:31,870] {taskinstance.py:840} INFO - 
--------------------------------------------------------------------------------
[2019-09-10 09:50:31,896] {taskinstance.py:859} INFO - Executing <Task(PythonOperator): upload_file_to_s3> on 2019-01-01T00:00:00+00:00
[2019-09-10 09:50:31,897] {base_task_runner.py:133} INFO - Running: ['airflow', 'run', 'ahhaha_titanic_analysis', 'upload_file_to_s3', '2019-01-01T00:00:00+00:00', '--job_id', '81', '--pool', 'default_pool', '--raw', '-sd', 'DAGS_FOLDER/operations.py', '--cfg_path', '/tmp/tmpbzp219xx']
[2019-09-10 09:50:33,661] {base_task_runner.py:115} INFO - Job 81: Subtask upload_file_to_s3 [2019-09-10 09:50:33,660] {__init__.py:51} INFO - Using executor SequentialExecutor
[2019-09-10 09:50:34,597] {base_task_runner.py:115} INFO - Job 81: Subtask upload_file_to_s3 [2019-09-10 09:50:34,596] {dagbag.py:90} INFO - Filling up the DagBag from /home/jennie/airflow/dags/operations.py
[2019-09-10 09:50:35,528] {base_task_runner.py:115} INFO - Job 81: Subtask upload_file_to_s3 /home/jennie/workspace/airflow_venv/lib/python3.7/site-packages/airflow/utils/helpers.py:423: DeprecationWarning: Importing 'PythonOperator' directly from 'airflow.operators' has been deprecated. Please import from 'airflow.operators.[operator_module]' instead. Support for direct imports will be dropped entirely in Airflow 2.0.
[2019-09-10 09:50:35,528] {base_task_runner.py:115} INFO - Job 81: Subtask upload_file_to_s3   DeprecationWarning)
[2019-09-10 09:50:35,529] {base_task_runner.py:115} INFO - Job 81: Subtask upload_file_to_s3 /home/jennie/workspace/airflow_venv/lib/python3.7/site-packages/airflow/utils/helpers.py:423: DeprecationWarning: Importing 'DummyOperator' directly from 'airflow.operators' has been deprecated. Please import from 'airflow.operators.[operator_module]' instead. Support for direct imports will be dropped entirely in Airflow 2.0.
[2019-09-10 09:50:35,530] {base_task_runner.py:115} INFO - Job 81: Subtask upload_file_to_s3   DeprecationWarning)
[2019-09-10 09:50:35,892] {base_task_runner.py:115} INFO - Job 81: Subtask upload_file_to_s3 [2019-09-10 09:50:35,890] {credentials.py:1182} INFO - Found credentials in shared credentials file: ~/.aws/credentials
[2019-09-10 09:50:40,296] {base_task_runner.py:115} INFO - Job 81: Subtask upload_file_to_s3 [2019-09-10 09:50:40,295] {cli.py:516} INFO - Running <TaskInstance: ahhaha_titanic_analysis.upload_file_to_s3 2019-01-01T00:00:00+00:00 [running]> on host Jennie-ubuntu-GX501VSK
[2019-09-10 09:50:40,319] {python_operator.py:105} INFO - Exporting the following env vars:
AIRFLOW_CTX_DAG_ID=ahhaha_titanic_analysis
AIRFLOW_CTX_TASK_ID=upload_file_to_s3
AIRFLOW_CTX_EXECUTION_DATE=2019-01-01T00:00:00+00:00
AIRFLOW_CTX_DAG_RUN_ID=scheduled__2019-01-01T00:00:00+00:00
[2019-09-10 09:50:40,319] {logging_mixin.py:95} INFO - Uploading to s3
[2019-09-10 09:50:42,602] {python_operator.py:114} INFO - Done. Returned value was: None
[2019-09-10 09:50:46,840] {logging_mixin.py:95} INFO - [[34m2019-09-10 09:50:46,839[0m] {[34mlocal_task_job.py:[0m105} INFO[0m - Task exited with return code 0[0m
