[2019-09-10 09:38:21,515] {taskinstance.py:620} INFO - Dependencies all met for <TaskInstance: ahhaha_titanic_analysis.avg_fare_by_pclass 2019-01-01T00:00:00+00:00 [queued]>
[2019-09-10 09:38:21,522] {taskinstance.py:620} INFO - Dependencies all met for <TaskInstance: ahhaha_titanic_analysis.avg_fare_by_pclass 2019-01-01T00:00:00+00:00 [queued]>
[2019-09-10 09:38:21,522] {taskinstance.py:838} INFO - 
--------------------------------------------------------------------------------
[2019-09-10 09:38:21,522] {taskinstance.py:839} INFO - Starting attempt 2 of 2
[2019-09-10 09:38:21,522] {taskinstance.py:840} INFO - 
--------------------------------------------------------------------------------
[2019-09-10 09:38:21,543] {taskinstance.py:859} INFO - Executing <Task(PythonOperator): avg_fare_by_pclass> on 2019-01-01T00:00:00+00:00
[2019-09-10 09:38:21,543] {base_task_runner.py:133} INFO - Running: ['airflow', 'run', 'ahhaha_titanic_analysis', 'avg_fare_by_pclass', '2019-01-01T00:00:00+00:00', '--job_id', '78', '--pool', 'default_pool', '--raw', '-sd', 'DAGS_FOLDER/operations.py', '--cfg_path', '/tmp/tmpuf6s0anh']
[2019-09-10 09:38:21,948] {base_task_runner.py:115} INFO - Job 78: Subtask avg_fare_by_pclass [2019-09-10 09:38:21,948] {__init__.py:51} INFO - Using executor SequentialExecutor
[2019-09-10 09:38:22,216] {base_task_runner.py:115} INFO - Job 78: Subtask avg_fare_by_pclass [2019-09-10 09:38:22,216] {dagbag.py:90} INFO - Filling up the DagBag from /home/jennie/airflow/dags/operations.py
[2019-09-10 09:38:22,438] {base_task_runner.py:115} INFO - Job 78: Subtask avg_fare_by_pclass /home/jennie/workspace/airflow_venv/lib/python3.7/site-packages/airflow/utils/helpers.py:423: DeprecationWarning: Importing 'PythonOperator' directly from 'airflow.operators' has been deprecated. Please import from 'airflow.operators.[operator_module]' instead. Support for direct imports will be dropped entirely in Airflow 2.0.
[2019-09-10 09:38:22,438] {base_task_runner.py:115} INFO - Job 78: Subtask avg_fare_by_pclass   DeprecationWarning)
[2019-09-10 09:38:22,438] {base_task_runner.py:115} INFO - Job 78: Subtask avg_fare_by_pclass /home/jennie/workspace/airflow_venv/lib/python3.7/site-packages/airflow/utils/helpers.py:423: DeprecationWarning: Importing 'DummyOperator' directly from 'airflow.operators' has been deprecated. Please import from 'airflow.operators.[operator_module]' instead. Support for direct imports will be dropped entirely in Airflow 2.0.
[2019-09-10 09:38:22,438] {base_task_runner.py:115} INFO - Job 78: Subtask avg_fare_by_pclass   DeprecationWarning)
[2019-09-10 09:38:22,456] {base_task_runner.py:115} INFO - Job 78: Subtask avg_fare_by_pclass [2019-09-10 09:38:22,456] {credentials.py:1182} INFO - Found credentials in shared credentials file: ~/.aws/credentials
[2019-09-10 09:38:26,586] {base_task_runner.py:115} INFO - Job 78: Subtask avg_fare_by_pclass [2019-09-10 09:38:26,586] {cli.py:516} INFO - Running <TaskInstance: ahhaha_titanic_analysis.avg_fare_by_pclass 2019-01-01T00:00:00+00:00 [running]> on host Jennie-ubuntu-GX501VSK
[2019-09-10 09:38:26,590] {python_operator.py:105} INFO - Exporting the following env vars:
AIRFLOW_CTX_DAG_ID=ahhaha_titanic_analysis
AIRFLOW_CTX_TASK_ID=avg_fare_by_pclass
AIRFLOW_CTX_EXECUTION_DATE=2019-01-01T00:00:00+00:00
AIRFLOW_CTX_DAG_RUN_ID=scheduled__2019-01-01T00:00:00+00:00
[2019-09-10 09:38:26,598] {logging_mixin.py:95} INFO -              Fare
Pclass           
1       84.154687
2       20.662183
3       13.675550
[2019-09-10 09:38:26,936] {taskinstance.py:1051} ERROR - name 'plt' is not defined
Traceback (most recent call last):
  File "/home/jennie/workspace/airflow_venv/lib/python3.7/site-packages/airflow/models/taskinstance.py", line 926, in _run_raw_task
    result = task_copy.execute(context=context)
  File "/home/jennie/workspace/airflow_venv/lib/python3.7/site-packages/airflow/operators/python_operator.py", line 113, in execute
    return_value = self.execute_callable()
  File "/home/jennie/workspace/airflow_venv/lib/python3.7/site-packages/airflow/operators/python_operator.py", line 118, in execute_callable
    return self.python_callable(*self.op_args, **self.op_kwargs)
  File "/home/jennie/airflow/dags/task5_avg_fare_by_pclass.py", line 15, in avg_fare_by_pclass
    plt.xlabel('Average fare')
NameError: name 'plt' is not defined
[2019-09-10 09:38:26,937] {taskinstance.py:1082} INFO - Marking task as FAILED.
[2019-09-10 09:38:26,993] {base_task_runner.py:115} INFO - Job 78: Subtask avg_fare_by_pclass Traceback (most recent call last):
[2019-09-10 09:38:26,993] {base_task_runner.py:115} INFO - Job 78: Subtask avg_fare_by_pclass   File "/home/jennie/workspace/airflow_venv/bin/airflow", line 32, in <module>
[2019-09-10 09:38:26,993] {base_task_runner.py:115} INFO - Job 78: Subtask avg_fare_by_pclass     args.func(args)
[2019-09-10 09:38:26,994] {base_task_runner.py:115} INFO - Job 78: Subtask avg_fare_by_pclass   File "/home/jennie/workspace/airflow_venv/lib/python3.7/site-packages/airflow/utils/cli.py", line 74, in wrapper
[2019-09-10 09:38:26,994] {base_task_runner.py:115} INFO - Job 78: Subtask avg_fare_by_pclass     return f(*args, **kwargs)
[2019-09-10 09:38:26,994] {base_task_runner.py:115} INFO - Job 78: Subtask avg_fare_by_pclass   File "/home/jennie/workspace/airflow_venv/lib/python3.7/site-packages/airflow/bin/cli.py", line 522, in run
[2019-09-10 09:38:26,994] {base_task_runner.py:115} INFO - Job 78: Subtask avg_fare_by_pclass     _run(args, dag, ti)
[2019-09-10 09:38:26,994] {base_task_runner.py:115} INFO - Job 78: Subtask avg_fare_by_pclass   File "/home/jennie/workspace/airflow_venv/lib/python3.7/site-packages/airflow/bin/cli.py", line 440, in _run
[2019-09-10 09:38:26,994] {base_task_runner.py:115} INFO - Job 78: Subtask avg_fare_by_pclass     pool=args.pool,
[2019-09-10 09:38:26,994] {base_task_runner.py:115} INFO - Job 78: Subtask avg_fare_by_pclass   File "/home/jennie/workspace/airflow_venv/lib/python3.7/site-packages/airflow/utils/db.py", line 74, in wrapper
[2019-09-10 09:38:26,994] {base_task_runner.py:115} INFO - Job 78: Subtask avg_fare_by_pclass     return func(*args, **kwargs)
[2019-09-10 09:38:26,994] {base_task_runner.py:115} INFO - Job 78: Subtask avg_fare_by_pclass   File "/home/jennie/workspace/airflow_venv/lib/python3.7/site-packages/airflow/models/taskinstance.py", line 926, in _run_raw_task
[2019-09-10 09:38:26,995] {base_task_runner.py:115} INFO - Job 78: Subtask avg_fare_by_pclass     result = task_copy.execute(context=context)
[2019-09-10 09:38:26,995] {base_task_runner.py:115} INFO - Job 78: Subtask avg_fare_by_pclass   File "/home/jennie/workspace/airflow_venv/lib/python3.7/site-packages/airflow/operators/python_operator.py", line 113, in execute
[2019-09-10 09:38:26,995] {base_task_runner.py:115} INFO - Job 78: Subtask avg_fare_by_pclass     return_value = self.execute_callable()
[2019-09-10 09:38:26,995] {base_task_runner.py:115} INFO - Job 78: Subtask avg_fare_by_pclass   File "/home/jennie/workspace/airflow_venv/lib/python3.7/site-packages/airflow/operators/python_operator.py", line 118, in execute_callable
[2019-09-10 09:38:26,995] {base_task_runner.py:115} INFO - Job 78: Subtask avg_fare_by_pclass     return self.python_callable(*self.op_args, **self.op_kwargs)
[2019-09-10 09:38:26,995] {base_task_runner.py:115} INFO - Job 78: Subtask avg_fare_by_pclass   File "/home/jennie/airflow/dags/task5_avg_fare_by_pclass.py", line 15, in avg_fare_by_pclass
[2019-09-10 09:38:26,995] {base_task_runner.py:115} INFO - Job 78: Subtask avg_fare_by_pclass     plt.xlabel('Average fare')
[2019-09-10 09:38:26,995] {base_task_runner.py:115} INFO - Job 78: Subtask avg_fare_by_pclass NameError: name 'plt' is not defined
[2019-09-10 09:38:31,513] {logging_mixin.py:95} INFO - [[34m2019-09-10 09:38:31,513[0m] {[34mlocal_task_job.py:[0m105} INFO[0m - Task exited with return code 1[0m
