[2019-09-10 10:37:09,007] {taskinstance.py:620} INFO - Dependencies all met for <TaskInstance: abbbbbbbbb_titanic_analysis.most_survived_pclass 2019-01-01T00:00:00+00:00 [queued]>
[2019-09-10 10:37:09,012] {taskinstance.py:620} INFO - Dependencies all met for <TaskInstance: abbbbbbbbb_titanic_analysis.most_survived_pclass 2019-01-01T00:00:00+00:00 [queued]>
[2019-09-10 10:37:09,012] {taskinstance.py:838} INFO - 
--------------------------------------------------------------------------------
[2019-09-10 10:37:09,012] {taskinstance.py:839} INFO - Starting attempt 1 of 1
[2019-09-10 10:37:09,012] {taskinstance.py:840} INFO - 
--------------------------------------------------------------------------------
[2019-09-10 10:37:09,036] {taskinstance.py:859} INFO - Executing <Task(PythonOperator): most_survived_pclass> on 2019-01-01T00:00:00+00:00
[2019-09-10 10:37:09,036] {base_task_runner.py:133} INFO - Running: ['airflow', 'run', 'abbbbbbbbb_titanic_analysis', 'most_survived_pclass', '2019-01-01T00:00:00+00:00', '--job_id', '96', '--pool', 'default_pool', '--raw', '-sd', 'DAGS_FOLDER/titanic_dag.py', '--cfg_path', '/tmp/tmpn_usxlf9']
[2019-09-10 10:37:09,636] {base_task_runner.py:115} INFO - Job 96: Subtask most_survived_pclass [2019-09-10 10:37:09,636] {__init__.py:51} INFO - Using executor SequentialExecutor
[2019-09-10 10:37:10,025] {base_task_runner.py:115} INFO - Job 96: Subtask most_survived_pclass [2019-09-10 10:37:10,024] {dagbag.py:90} INFO - Filling up the DagBag from /home/jennie/airflow/dags/titanic_dag.py
[2019-09-10 10:37:10,385] {base_task_runner.py:115} INFO - Job 96: Subtask most_survived_pclass /home/jennie/workspace/airflow_venv/lib/python3.7/site-packages/airflow/utils/helpers.py:423: DeprecationWarning: Importing 'PythonOperator' directly from 'airflow.operators' has been deprecated. Please import from 'airflow.operators.[operator_module]' instead. Support for direct imports will be dropped entirely in Airflow 2.0.
[2019-09-10 10:37:10,385] {base_task_runner.py:115} INFO - Job 96: Subtask most_survived_pclass   DeprecationWarning)
[2019-09-10 10:37:10,385] {base_task_runner.py:115} INFO - Job 96: Subtask most_survived_pclass /home/jennie/workspace/airflow_venv/lib/python3.7/site-packages/airflow/utils/helpers.py:423: DeprecationWarning: Importing 'DummyOperator' directly from 'airflow.operators' has been deprecated. Please import from 'airflow.operators.[operator_module]' instead. Support for direct imports will be dropped entirely in Airflow 2.0.
[2019-09-10 10:37:10,385] {base_task_runner.py:115} INFO - Job 96: Subtask most_survived_pclass   DeprecationWarning)
[2019-09-10 10:37:10,484] {base_task_runner.py:115} INFO - Job 96: Subtask most_survived_pclass [2019-09-10 10:37:10,483] {credentials.py:1182} INFO - Found credentials in shared credentials file: ~/.aws/credentials
[2019-09-10 10:37:14,116] {base_task_runner.py:115} INFO - Job 96: Subtask most_survived_pclass [2019-09-10 10:37:14,115] {cli.py:516} INFO - Running <TaskInstance: abbbbbbbbb_titanic_analysis.most_survived_pclass 2019-01-01T00:00:00+00:00 [running]> on host Jennie-ubuntu-GX501VSK
[2019-09-10 10:37:14,125] {python_operator.py:105} INFO - Exporting the following env vars:
AIRFLOW_CTX_DAG_ID=abbbbbbbbb_titanic_analysis
AIRFLOW_CTX_TASK_ID=most_survived_pclass
AIRFLOW_CTX_EXECUTION_DATE=2019-01-01T00:00:00+00:00
AIRFLOW_CTX_DAG_RUN_ID=scheduled__2019-01-01T00:00:00+00:00
[2019-09-10 10:37:14,132] {taskinstance.py:1051} ERROR - name 'plt' is not defined
Traceback (most recent call last):
  File "/home/jennie/workspace/airflow_venv/lib/python3.7/site-packages/airflow/models/taskinstance.py", line 926, in _run_raw_task
    result = task_copy.execute(context=context)
  File "/home/jennie/workspace/airflow_venv/lib/python3.7/site-packages/airflow/operators/python_operator.py", line 113, in execute
    return_value = self.execute_callable()
  File "/home/jennie/workspace/airflow_venv/lib/python3.7/site-packages/airflow/operators/python_operator.py", line 118, in execute_callable
    return self.python_callable(*self.op_args, **self.op_kwargs)
  File "/home/jennie/airflow/dags/task4_pclass_most_survived.py", line 43, in most_survived_pclass
    plt.bar(most_survived_pclass['Pclass'], most_survived_pclass['counts'])
NameError: name 'plt' is not defined
[2019-09-10 10:37:14,133] {taskinstance.py:1082} INFO - Marking task as FAILED.
[2019-09-10 10:37:14,157] {base_task_runner.py:115} INFO - Job 96: Subtask most_survived_pclass Traceback (most recent call last):
[2019-09-10 10:37:14,157] {base_task_runner.py:115} INFO - Job 96: Subtask most_survived_pclass   File "/home/jennie/workspace/airflow_venv/bin/airflow", line 32, in <module>
[2019-09-10 10:37:14,157] {base_task_runner.py:115} INFO - Job 96: Subtask most_survived_pclass     args.func(args)
[2019-09-10 10:37:14,157] {base_task_runner.py:115} INFO - Job 96: Subtask most_survived_pclass   File "/home/jennie/workspace/airflow_venv/lib/python3.7/site-packages/airflow/utils/cli.py", line 74, in wrapper
[2019-09-10 10:37:14,158] {base_task_runner.py:115} INFO - Job 96: Subtask most_survived_pclass     return f(*args, **kwargs)
[2019-09-10 10:37:14,158] {base_task_runner.py:115} INFO - Job 96: Subtask most_survived_pclass   File "/home/jennie/workspace/airflow_venv/lib/python3.7/site-packages/airflow/bin/cli.py", line 522, in run
[2019-09-10 10:37:14,158] {base_task_runner.py:115} INFO - Job 96: Subtask most_survived_pclass     _run(args, dag, ti)
[2019-09-10 10:37:14,158] {base_task_runner.py:115} INFO - Job 96: Subtask most_survived_pclass   File "/home/jennie/workspace/airflow_venv/lib/python3.7/site-packages/airflow/bin/cli.py", line 440, in _run
[2019-09-10 10:37:14,158] {base_task_runner.py:115} INFO - Job 96: Subtask most_survived_pclass     pool=args.pool,
[2019-09-10 10:37:14,158] {base_task_runner.py:115} INFO - Job 96: Subtask most_survived_pclass   File "/home/jennie/workspace/airflow_venv/lib/python3.7/site-packages/airflow/utils/db.py", line 74, in wrapper
[2019-09-10 10:37:14,158] {base_task_runner.py:115} INFO - Job 96: Subtask most_survived_pclass     return func(*args, **kwargs)
[2019-09-10 10:37:14,158] {base_task_runner.py:115} INFO - Job 96: Subtask most_survived_pclass   File "/home/jennie/workspace/airflow_venv/lib/python3.7/site-packages/airflow/models/taskinstance.py", line 926, in _run_raw_task
[2019-09-10 10:37:14,158] {base_task_runner.py:115} INFO - Job 96: Subtask most_survived_pclass     result = task_copy.execute(context=context)
[2019-09-10 10:37:14,158] {base_task_runner.py:115} INFO - Job 96: Subtask most_survived_pclass   File "/home/jennie/workspace/airflow_venv/lib/python3.7/site-packages/airflow/operators/python_operator.py", line 113, in execute
[2019-09-10 10:37:14,158] {base_task_runner.py:115} INFO - Job 96: Subtask most_survived_pclass     return_value = self.execute_callable()
[2019-09-10 10:37:14,158] {base_task_runner.py:115} INFO - Job 96: Subtask most_survived_pclass   File "/home/jennie/workspace/airflow_venv/lib/python3.7/site-packages/airflow/operators/python_operator.py", line 118, in execute_callable
[2019-09-10 10:37:14,158] {base_task_runner.py:115} INFO - Job 96: Subtask most_survived_pclass     return self.python_callable(*self.op_args, **self.op_kwargs)
[2019-09-10 10:37:14,158] {base_task_runner.py:115} INFO - Job 96: Subtask most_survived_pclass   File "/home/jennie/airflow/dags/task4_pclass_most_survived.py", line 43, in most_survived_pclass
[2019-09-10 10:37:14,158] {base_task_runner.py:115} INFO - Job 96: Subtask most_survived_pclass     plt.bar(most_survived_pclass['Pclass'], most_survived_pclass['counts'])
[2019-09-10 10:37:14,158] {base_task_runner.py:115} INFO - Job 96: Subtask most_survived_pclass NameError: name 'plt' is not defined
[2019-09-10 10:37:19,025] {logging_mixin.py:95} INFO - [[34m2019-09-10 10:37:19,024[0m] {[34mlocal_task_job.py:[0m105} INFO[0m - Task exited with return code 1[0m
