[2019-09-10 17:23:55,480] {taskinstance.py:620} INFO - Dependencies all met for <TaskInstance: abbbbbbbbb_titanic_analysis.most_survived_pclass 2019-01-01T00:00:00+00:00 [queued]>
[2019-09-10 17:23:55,487] {taskinstance.py:620} INFO - Dependencies all met for <TaskInstance: abbbbbbbbb_titanic_analysis.most_survived_pclass 2019-01-01T00:00:00+00:00 [queued]>
[2019-09-10 17:23:55,487] {taskinstance.py:838} INFO - 
--------------------------------------------------------------------------------
[2019-09-10 17:23:55,487] {taskinstance.py:839} INFO - Starting attempt 4 of 4
[2019-09-10 17:23:55,487] {taskinstance.py:840} INFO - 
--------------------------------------------------------------------------------
[2019-09-10 17:23:55,509] {taskinstance.py:859} INFO - Executing <Task(PythonOperator): most_survived_pclass> on 2019-01-01T00:00:00+00:00
[2019-09-10 17:23:55,510] {base_task_runner.py:133} INFO - Running: ['airflow', 'run', 'abbbbbbbbb_titanic_analysis', 'most_survived_pclass', '2019-01-01T00:00:00+00:00', '--job_id', '115', '--pool', 'default_pool', '--raw', '-sd', 'DAGS_FOLDER/titanic_dag.py', '--cfg_path', '/tmp/tmplzmn5uqf']
[2019-09-10 17:23:55,987] {base_task_runner.py:115} INFO - Job 115: Subtask most_survived_pclass [2019-09-10 17:23:55,987] {__init__.py:51} INFO - Using executor SequentialExecutor
[2019-09-10 17:23:56,272] {base_task_runner.py:115} INFO - Job 115: Subtask most_survived_pclass [2019-09-10 17:23:56,271] {dagbag.py:90} INFO - Filling up the DagBag from /home/jennie/airflow/dags/titanic_dag.py
[2019-09-10 17:23:56,569] {base_task_runner.py:115} INFO - Job 115: Subtask most_survived_pclass /home/jennie/workspace/airflow_venv/lib/python3.7/site-packages/airflow/utils/helpers.py:423: DeprecationWarning: Importing 'PythonOperator' directly from 'airflow.operators' has been deprecated. Please import from 'airflow.operators.[operator_module]' instead. Support for direct imports will be dropped entirely in Airflow 2.0.
[2019-09-10 17:23:56,569] {base_task_runner.py:115} INFO - Job 115: Subtask most_survived_pclass   DeprecationWarning)
[2019-09-10 17:23:56,569] {base_task_runner.py:115} INFO - Job 115: Subtask most_survived_pclass /home/jennie/workspace/airflow_venv/lib/python3.7/site-packages/airflow/utils/helpers.py:423: DeprecationWarning: Importing 'DummyOperator' directly from 'airflow.operators' has been deprecated. Please import from 'airflow.operators.[operator_module]' instead. Support for direct imports will be dropped entirely in Airflow 2.0.
[2019-09-10 17:23:56,570] {base_task_runner.py:115} INFO - Job 115: Subtask most_survived_pclass   DeprecationWarning)
[2019-09-10 17:23:56,679] {base_task_runner.py:115} INFO - Job 115: Subtask most_survived_pclass [2019-09-10 17:23:56,678] {credentials.py:1182} INFO - Found credentials in shared credentials file: ~/.aws/credentials
[2019-09-10 17:23:56,730] {base_task_runner.py:115} INFO - Job 115: Subtask most_survived_pclass [2019-09-10 17:23:56,730] {cli.py:516} INFO - Running <TaskInstance: abbbbbbbbb_titanic_analysis.most_survived_pclass 2019-01-01T00:00:00+00:00 [running]> on host Jennie-ubuntu-GX501VSK
[2019-09-10 17:23:56,774] {python_operator.py:105} INFO - Exporting the following env vars:
AIRFLOW_CTX_DAG_ID=abbbbbbbbb_titanic_analysis
AIRFLOW_CTX_TASK_ID=most_survived_pclass
AIRFLOW_CTX_EXECUTION_DATE=2019-01-01T00:00:00+00:00
AIRFLOW_CTX_DAG_RUN_ID=scheduled__2019-01-01T00:00:00+00:00
[2019-09-10 17:23:57,090] {logging_mixin.py:95} INFO - [[34m2019-09-10 17:23:57,090[0m] {[34mtask4_pclass_most_survived.py:[0m30} CRITICAL[0m - PCLASS[0m
[2019-09-10 17:23:57,091] {logging_mixin.py:95} INFO - [[34m2019-09-10 17:23:57,091[0m] {[34mtask4_pclass_most_survived.py:[0m31} CRITICAL[0m -    Pclass  counts
0       1     136
2       2      87
1       3     119[0m
[2019-09-10 17:25:51,621] {python_operator.py:114} INFO - Done. Returned value was: None
[2019-09-10 17:25:55,610] {logging_mixin.py:95} INFO - [[34m2019-09-10 17:25:55,608[0m] {[34mlocal_task_job.py:[0m105} INFO[0m - Task exited with return code 0[0m
