[2019-09-10 10:35:18,433] {taskinstance.py:620} INFO - Dependencies all met for <TaskInstance: abbbbbbbbb_titanic_analysis.upload_file_to_s3 2019-01-01T00:00:00+00:00 [queued]>
[2019-09-10 10:35:18,445] {taskinstance.py:620} INFO - Dependencies all met for <TaskInstance: abbbbbbbbb_titanic_analysis.upload_file_to_s3 2019-01-01T00:00:00+00:00 [queued]>
[2019-09-10 10:35:18,446] {taskinstance.py:838} INFO - 
--------------------------------------------------------------------------------
[2019-09-10 10:35:18,446] {taskinstance.py:839} INFO - Starting attempt 1 of 1
[2019-09-10 10:35:18,446] {taskinstance.py:840} INFO - 
--------------------------------------------------------------------------------
[2019-09-10 10:35:18,467] {taskinstance.py:859} INFO - Executing <Task(PythonOperator): upload_file_to_s3> on 2019-01-01T00:00:00+00:00
[2019-09-10 10:35:18,467] {base_task_runner.py:133} INFO - Running: ['airflow', 'run', 'abbbbbbbbb_titanic_analysis', 'upload_file_to_s3', '2019-01-01T00:00:00+00:00', '--job_id', '94', '--pool', 'default_pool', '--raw', '-sd', 'DAGS_FOLDER/titanic_dag.py', '--cfg_path', '/tmp/tmp0otymgpi']
[2019-09-10 10:35:18,959] {base_task_runner.py:115} INFO - Job 94: Subtask upload_file_to_s3 [2019-09-10 10:35:18,959] {__init__.py:51} INFO - Using executor SequentialExecutor
[2019-09-10 10:35:19,263] {base_task_runner.py:115} INFO - Job 94: Subtask upload_file_to_s3 [2019-09-10 10:35:19,261] {dagbag.py:90} INFO - Filling up the DagBag from /home/jennie/airflow/dags/titanic_dag.py
[2019-09-10 10:35:19,610] {base_task_runner.py:115} INFO - Job 94: Subtask upload_file_to_s3 /home/jennie/workspace/airflow_venv/lib/python3.7/site-packages/airflow/utils/helpers.py:423: DeprecationWarning: Importing 'PythonOperator' directly from 'airflow.operators' has been deprecated. Please import from 'airflow.operators.[operator_module]' instead. Support for direct imports will be dropped entirely in Airflow 2.0.
[2019-09-10 10:35:19,610] {base_task_runner.py:115} INFO - Job 94: Subtask upload_file_to_s3   DeprecationWarning)
[2019-09-10 10:35:19,611] {base_task_runner.py:115} INFO - Job 94: Subtask upload_file_to_s3 /home/jennie/workspace/airflow_venv/lib/python3.7/site-packages/airflow/utils/helpers.py:423: DeprecationWarning: Importing 'DummyOperator' directly from 'airflow.operators' has been deprecated. Please import from 'airflow.operators.[operator_module]' instead. Support for direct imports will be dropped entirely in Airflow 2.0.
[2019-09-10 10:35:19,611] {base_task_runner.py:115} INFO - Job 94: Subtask upload_file_to_s3   DeprecationWarning)
[2019-09-10 10:35:19,730] {base_task_runner.py:115} INFO - Job 94: Subtask upload_file_to_s3 [2019-09-10 10:35:19,729] {credentials.py:1182} INFO - Found credentials in shared credentials file: ~/.aws/credentials
[2019-09-10 10:35:22,629] {base_task_runner.py:115} INFO - Job 94: Subtask upload_file_to_s3 [2019-09-10 10:35:22,629] {cli.py:516} INFO - Running <TaskInstance: abbbbbbbbb_titanic_analysis.upload_file_to_s3 2019-01-01T00:00:00+00:00 [running]> on host Jennie-ubuntu-GX501VSK
[2019-09-10 10:35:22,642] {python_operator.py:105} INFO - Exporting the following env vars:
AIRFLOW_CTX_DAG_ID=abbbbbbbbb_titanic_analysis
AIRFLOW_CTX_TASK_ID=upload_file_to_s3
AIRFLOW_CTX_EXECUTION_DATE=2019-01-01T00:00:00+00:00
AIRFLOW_CTX_DAG_RUN_ID=scheduled__2019-01-01T00:00:00+00:00
[2019-09-10 10:35:22,642] {logging_mixin.py:95} INFO - Uploading to s3
[2019-09-10 10:35:24,618] {python_operator.py:114} INFO - Done. Returned value was: None
[2019-09-10 10:35:28,448] {logging_mixin.py:95} INFO - [[34m2019-09-10 10:35:28,446[0m] {[34mlocal_task_job.py:[0m105} INFO[0m - Task exited with return code 0[0m
