[2019-09-10 17:29:02,496] {taskinstance.py:620} INFO - Dependencies all met for <TaskInstance: abbbbbbbbb_titanic_analysis.upload_file_to_s3 2019-01-01T00:00:00+00:00 [queued]>
[2019-09-10 17:29:02,500] {taskinstance.py:620} INFO - Dependencies all met for <TaskInstance: abbbbbbbbb_titanic_analysis.upload_file_to_s3 2019-01-01T00:00:00+00:00 [queued]>
[2019-09-10 17:29:02,500] {taskinstance.py:838} INFO - 
--------------------------------------------------------------------------------
[2019-09-10 17:29:02,501] {taskinstance.py:839} INFO - Starting attempt 5 of 5
[2019-09-10 17:29:02,501] {taskinstance.py:840} INFO - 
--------------------------------------------------------------------------------
[2019-09-10 17:29:02,522] {taskinstance.py:859} INFO - Executing <Task(PythonOperator): upload_file_to_s3> on 2019-01-01T00:00:00+00:00
[2019-09-10 17:29:02,522] {base_task_runner.py:133} INFO - Running: ['airflow', 'run', 'abbbbbbbbb_titanic_analysis', 'upload_file_to_s3', '2019-01-01T00:00:00+00:00', '--job_id', '119', '--pool', 'default_pool', '--raw', '-sd', 'DAGS_FOLDER/titanic_dag.py', '--cfg_path', '/tmp/tmp8hltic_z']
[2019-09-10 17:29:02,909] {base_task_runner.py:115} INFO - Job 119: Subtask upload_file_to_s3 [2019-09-10 17:29:02,908] {__init__.py:51} INFO - Using executor SequentialExecutor
[2019-09-10 17:29:03,178] {base_task_runner.py:115} INFO - Job 119: Subtask upload_file_to_s3 [2019-09-10 17:29:03,178] {dagbag.py:90} INFO - Filling up the DagBag from /home/jennie/airflow/dags/titanic_dag.py
[2019-09-10 17:29:03,388] {base_task_runner.py:115} INFO - Job 119: Subtask upload_file_to_s3 /home/jennie/workspace/airflow_venv/lib/python3.7/site-packages/airflow/utils/helpers.py:423: DeprecationWarning: Importing 'PythonOperator' directly from 'airflow.operators' has been deprecated. Please import from 'airflow.operators.[operator_module]' instead. Support for direct imports will be dropped entirely in Airflow 2.0.
[2019-09-10 17:29:03,388] {base_task_runner.py:115} INFO - Job 119: Subtask upload_file_to_s3   DeprecationWarning)
[2019-09-10 17:29:03,388] {base_task_runner.py:115} INFO - Job 119: Subtask upload_file_to_s3 /home/jennie/workspace/airflow_venv/lib/python3.7/site-packages/airflow/utils/helpers.py:423: DeprecationWarning: Importing 'DummyOperator' directly from 'airflow.operators' has been deprecated. Please import from 'airflow.operators.[operator_module]' instead. Support for direct imports will be dropped entirely in Airflow 2.0.
[2019-09-10 17:29:03,388] {base_task_runner.py:115} INFO - Job 119: Subtask upload_file_to_s3   DeprecationWarning)
[2019-09-10 17:29:03,464] {base_task_runner.py:115} INFO - Job 119: Subtask upload_file_to_s3 [2019-09-10 17:29:03,463] {credentials.py:1182} INFO - Found credentials in shared credentials file: ~/.aws/credentials
[2019-09-10 17:29:03,497] {base_task_runner.py:115} INFO - Job 119: Subtask upload_file_to_s3 [2019-09-10 17:29:03,496] {cli.py:516} INFO - Running <TaskInstance: abbbbbbbbb_titanic_analysis.upload_file_to_s3 2019-01-01T00:00:00+00:00 [running]> on host Jennie-ubuntu-GX501VSK
[2019-09-10 17:29:03,538] {python_operator.py:105} INFO - Exporting the following env vars:
AIRFLOW_CTX_DAG_ID=abbbbbbbbb_titanic_analysis
AIRFLOW_CTX_TASK_ID=upload_file_to_s3
AIRFLOW_CTX_EXECUTION_DATE=2019-01-01T00:00:00+00:00
AIRFLOW_CTX_DAG_RUN_ID=scheduled__2019-01-01T00:00:00+00:00
[2019-09-10 17:29:03,538] {logging_mixin.py:95} INFO - Uploading to s3
[2019-09-10 17:29:06,253] {python_operator.py:114} INFO - Done. Returned value was: None
[2019-09-10 17:29:07,473] {logging_mixin.py:95} INFO - [[34m2019-09-10 17:29:07,472[0m] {[34mlocal_task_job.py:[0m105} INFO[0m - Task exited with return code 0[0m
