[2019-09-10 09:58:56,787] {taskinstance.py:620} INFO - Dependencies all met for <TaskInstance: ahhaha_titanic_analysis.dummy_start 2019-01-01T00:00:00+00:00 [queued]>
[2019-09-10 09:58:56,789] {taskinstance.py:620} INFO - Dependencies all met for <TaskInstance: ahhaha_titanic_analysis.dummy_start 2019-01-01T00:00:00+00:00 [queued]>
[2019-09-10 09:58:56,789] {taskinstance.py:838} INFO - 
--------------------------------------------------------------------------------
[2019-09-10 09:58:56,789] {taskinstance.py:839} INFO - Starting attempt 6 of 6
[2019-09-10 09:58:56,789] {taskinstance.py:840} INFO - 
--------------------------------------------------------------------------------
[2019-09-10 09:58:56,817] {taskinstance.py:859} INFO - Executing <Task(DummyOperator): dummy_start> on 2019-01-01T00:00:00+00:00
[2019-09-10 09:58:56,817] {base_task_runner.py:133} INFO - Running: ['airflow', 'run', 'ahhaha_titanic_analysis', 'dummy_start', '2019-01-01T00:00:00+00:00', '--job_id', '86', '--pool', 'default_pool', '--raw', '-sd', 'DAGS_FOLDER/operations.py', '--cfg_path', '/tmp/tmpwm0kebxh']
[2019-09-10 09:58:57,213] {base_task_runner.py:115} INFO - Job 86: Subtask dummy_start [2019-09-10 09:58:57,213] {__init__.py:51} INFO - Using executor SequentialExecutor
[2019-09-10 09:58:57,479] {base_task_runner.py:115} INFO - Job 86: Subtask dummy_start [2019-09-10 09:58:57,479] {dagbag.py:90} INFO - Filling up the DagBag from /home/jennie/airflow/dags/operations.py
[2019-09-10 09:58:57,698] {base_task_runner.py:115} INFO - Job 86: Subtask dummy_start /home/jennie/workspace/airflow_venv/lib/python3.7/site-packages/airflow/utils/helpers.py:423: DeprecationWarning: Importing 'PythonOperator' directly from 'airflow.operators' has been deprecated. Please import from 'airflow.operators.[operator_module]' instead. Support for direct imports will be dropped entirely in Airflow 2.0.
[2019-09-10 09:58:57,698] {base_task_runner.py:115} INFO - Job 86: Subtask dummy_start   DeprecationWarning)
[2019-09-10 09:58:57,698] {base_task_runner.py:115} INFO - Job 86: Subtask dummy_start /home/jennie/workspace/airflow_venv/lib/python3.7/site-packages/airflow/utils/helpers.py:423: DeprecationWarning: Importing 'DummyOperator' directly from 'airflow.operators' has been deprecated. Please import from 'airflow.operators.[operator_module]' instead. Support for direct imports will be dropped entirely in Airflow 2.0.
[2019-09-10 09:58:57,698] {base_task_runner.py:115} INFO - Job 86: Subtask dummy_start   DeprecationWarning)
[2019-09-10 09:58:57,776] {base_task_runner.py:115} INFO - Job 86: Subtask dummy_start [2019-09-10 09:58:57,776] {credentials.py:1182} INFO - Found credentials in shared credentials file: ~/.aws/credentials
[2019-09-10 09:59:01,657] {base_task_runner.py:115} INFO - Job 86: Subtask dummy_start [2019-09-10 09:59:01,656] {cli.py:516} INFO - Running <TaskInstance: ahhaha_titanic_analysis.dummy_start 2019-01-01T00:00:00+00:00 [running]> on host Jennie-ubuntu-GX501VSK
[2019-09-10 09:59:01,773] {logging_mixin.py:95} INFO - [[34m2019-09-10 09:59:01,773[0m] {[34mlocal_task_job.py:[0m172} [33mWARNING[0m - [33mState of this instance has been externally set to [1msuccess[0m. Taking the poison pill.[0m
[2019-09-10 09:59:01,779] {helpers.py:307} INFO - Sending Signals.SIGTERM to GPID 15674
[2019-09-10 09:59:01,786] {helpers.py:285} INFO - Process psutil.Process(pid=15674, status='terminated') (15674) terminated with exit code -15
[2019-09-10 09:59:01,787] {logging_mixin.py:95} INFO - [[34m2019-09-10 09:59:01,787[0m] {[34mlocal_task_job.py:[0m105} INFO[0m - Task exited with return code 0[0m
