[2019-09-10 17:16:27,609] {taskinstance.py:620} INFO - Dependencies all met for <TaskInstance: abbbbbbbbb_titanic_analysis.avg_fare_by_pclass 2019-01-01T00:00:00+00:00 [queued]>
[2019-09-10 17:16:27,614] {taskinstance.py:620} INFO - Dependencies all met for <TaskInstance: abbbbbbbbb_titanic_analysis.avg_fare_by_pclass 2019-01-01T00:00:00+00:00 [queued]>
[2019-09-10 17:16:27,614] {taskinstance.py:838} INFO - 
--------------------------------------------------------------------------------
[2019-09-10 17:16:27,614] {taskinstance.py:839} INFO - Starting attempt 3 of 3
[2019-09-10 17:16:27,614] {taskinstance.py:840} INFO - 
--------------------------------------------------------------------------------
[2019-09-10 17:16:27,635] {taskinstance.py:859} INFO - Executing <Task(PythonOperator): avg_fare_by_pclass> on 2019-01-01T00:00:00+00:00
[2019-09-10 17:16:27,635] {base_task_runner.py:133} INFO - Running: ['airflow', 'run', 'abbbbbbbbb_titanic_analysis', 'avg_fare_by_pclass', '2019-01-01T00:00:00+00:00', '--job_id', '110', '--pool', 'default_pool', '--raw', '-sd', 'DAGS_FOLDER/titanic_dag.py', '--cfg_path', '/tmp/tmpxa16drb4']
[2019-09-10 17:16:28,026] {base_task_runner.py:115} INFO - Job 110: Subtask avg_fare_by_pclass [2019-09-10 17:16:28,026] {__init__.py:51} INFO - Using executor SequentialExecutor
[2019-09-10 17:16:28,290] {base_task_runner.py:115} INFO - Job 110: Subtask avg_fare_by_pclass [2019-09-10 17:16:28,290] {dagbag.py:90} INFO - Filling up the DagBag from /home/jennie/airflow/dags/titanic_dag.py
[2019-09-10 17:16:28,504] {base_task_runner.py:115} INFO - Job 110: Subtask avg_fare_by_pclass /home/jennie/workspace/airflow_venv/lib/python3.7/site-packages/airflow/utils/helpers.py:423: DeprecationWarning: Importing 'PythonOperator' directly from 'airflow.operators' has been deprecated. Please import from 'airflow.operators.[operator_module]' instead. Support for direct imports will be dropped entirely in Airflow 2.0.
[2019-09-10 17:16:28,504] {base_task_runner.py:115} INFO - Job 110: Subtask avg_fare_by_pclass   DeprecationWarning)
[2019-09-10 17:16:28,504] {base_task_runner.py:115} INFO - Job 110: Subtask avg_fare_by_pclass /home/jennie/workspace/airflow_venv/lib/python3.7/site-packages/airflow/utils/helpers.py:423: DeprecationWarning: Importing 'DummyOperator' directly from 'airflow.operators' has been deprecated. Please import from 'airflow.operators.[operator_module]' instead. Support for direct imports will be dropped entirely in Airflow 2.0.
[2019-09-10 17:16:28,504] {base_task_runner.py:115} INFO - Job 110: Subtask avg_fare_by_pclass   DeprecationWarning)
[2019-09-10 17:16:28,585] {base_task_runner.py:115} INFO - Job 110: Subtask avg_fare_by_pclass [2019-09-10 17:16:28,585] {credentials.py:1182} INFO - Found credentials in shared credentials file: ~/.aws/credentials
[2019-09-10 17:16:31,343] {base_task_runner.py:115} INFO - Job 110: Subtask avg_fare_by_pclass [2019-09-10 17:16:31,343] {cli.py:516} INFO - Running <TaskInstance: abbbbbbbbb_titanic_analysis.avg_fare_by_pclass 2019-01-01T00:00:00+00:00 [running]> on host Jennie-ubuntu-GX501VSK
[2019-09-10 17:16:31,348] {python_operator.py:105} INFO - Exporting the following env vars:
AIRFLOW_CTX_DAG_ID=abbbbbbbbb_titanic_analysis
AIRFLOW_CTX_TASK_ID=avg_fare_by_pclass
AIRFLOW_CTX_EXECUTION_DATE=2019-01-01T00:00:00+00:00
AIRFLOW_CTX_DAG_RUN_ID=scheduled__2019-01-01T00:00:00+00:00
[2019-09-10 17:16:31,354] {logging_mixin.py:95} INFO -              Fare
Pclass           
1       84.154687
2       20.662183
3       13.675550
[2019-09-10 17:16:34,395] {python_operator.py:114} INFO - Done. Returned value was: None
[2019-09-10 17:16:37,637] {logging_mixin.py:95} INFO - [[34m2019-09-10 17:16:37,636[0m] {[34mlocal_task_job.py:[0m105} INFO[0m - Task exited with return code 0[0m
