[2019-09-10 17:35:50,018] {taskinstance.py:620} INFO - Dependencies all met for <TaskInstance: abbbbbbbbb_titanic_analysis.avg_fare_by_pclass 2019-01-01T00:00:00+00:00 [queued]>
[2019-09-10 17:35:50,022] {taskinstance.py:620} INFO - Dependencies all met for <TaskInstance: abbbbbbbbb_titanic_analysis.avg_fare_by_pclass 2019-01-01T00:00:00+00:00 [queued]>
[2019-09-10 17:35:50,022] {taskinstance.py:838} INFO - 
--------------------------------------------------------------------------------
[2019-09-10 17:35:50,022] {taskinstance.py:839} INFO - Starting attempt 6 of 6
[2019-09-10 17:35:50,022] {taskinstance.py:840} INFO - 
--------------------------------------------------------------------------------
[2019-09-10 17:35:50,043] {taskinstance.py:859} INFO - Executing <Task(PythonOperator): avg_fare_by_pclass> on 2019-01-01T00:00:00+00:00
[2019-09-10 17:35:50,043] {base_task_runner.py:133} INFO - Running: ['airflow', 'run', 'abbbbbbbbb_titanic_analysis', 'avg_fare_by_pclass', '2019-01-01T00:00:00+00:00', '--job_id', '129', '--pool', 'default_pool', '--raw', '-sd', 'DAGS_FOLDER/titanic_dag.py', '--cfg_path', '/tmp/tmpuevmf0gh']
[2019-09-10 17:35:50,426] {base_task_runner.py:115} INFO - Job 129: Subtask avg_fare_by_pclass [2019-09-10 17:35:50,425] {__init__.py:51} INFO - Using executor SequentialExecutor
[2019-09-10 17:35:50,690] {base_task_runner.py:115} INFO - Job 129: Subtask avg_fare_by_pclass [2019-09-10 17:35:50,690] {dagbag.py:90} INFO - Filling up the DagBag from /home/jennie/airflow/dags/titanic_dag.py
[2019-09-10 17:35:50,906] {base_task_runner.py:115} INFO - Job 129: Subtask avg_fare_by_pclass /home/jennie/workspace/airflow_venv/lib/python3.7/site-packages/airflow/utils/helpers.py:423: DeprecationWarning: Importing 'PythonOperator' directly from 'airflow.operators' has been deprecated. Please import from 'airflow.operators.[operator_module]' instead. Support for direct imports will be dropped entirely in Airflow 2.0.
[2019-09-10 17:35:50,906] {base_task_runner.py:115} INFO - Job 129: Subtask avg_fare_by_pclass   DeprecationWarning)
[2019-09-10 17:35:50,906] {base_task_runner.py:115} INFO - Job 129: Subtask avg_fare_by_pclass /home/jennie/workspace/airflow_venv/lib/python3.7/site-packages/airflow/utils/helpers.py:423: DeprecationWarning: Importing 'DummyOperator' directly from 'airflow.operators' has been deprecated. Please import from 'airflow.operators.[operator_module]' instead. Support for direct imports will be dropped entirely in Airflow 2.0.
[2019-09-10 17:35:50,906] {base_task_runner.py:115} INFO - Job 129: Subtask avg_fare_by_pclass   DeprecationWarning)
[2019-09-10 17:35:50,982] {base_task_runner.py:115} INFO - Job 129: Subtask avg_fare_by_pclass [2019-09-10 17:35:50,982] {credentials.py:1182} INFO - Found credentials in shared credentials file: ~/.aws/credentials
[2019-09-10 17:35:51,015] {base_task_runner.py:115} INFO - Job 129: Subtask avg_fare_by_pclass [2019-09-10 17:35:51,015] {cli.py:516} INFO - Running <TaskInstance: abbbbbbbbb_titanic_analysis.avg_fare_by_pclass 2019-01-01T00:00:00+00:00 [running]> on host Jennie-ubuntu-GX501VSK
[2019-09-10 17:35:51,055] {python_operator.py:105} INFO - Exporting the following env vars:
AIRFLOW_CTX_DAG_ID=abbbbbbbbb_titanic_analysis
AIRFLOW_CTX_TASK_ID=avg_fare_by_pclass
AIRFLOW_CTX_EXECUTION_DATE=2019-01-01T00:00:00+00:00
AIRFLOW_CTX_DAG_RUN_ID=scheduled__2019-01-01T00:00:00+00:00
[2019-09-10 17:35:51,064] {logging_mixin.py:95} INFO -              Fare
Pclass           
1       84.154687
2       20.662183
3       13.675550
[2019-09-10 17:35:53,750] {python_operator.py:114} INFO - Done. Returned value was: None
[2019-09-10 17:35:54,992] {logging_mixin.py:95} INFO - [[34m2019-09-10 17:35:54,992[0m] {[34mlocal_task_job.py:[0m105} INFO[0m - Task exited with return code 0[0m
