[2019-09-10 10:01:46,411] {taskinstance.py:620} INFO - Dependencies all met for <TaskInstance: ahhaha_titanic_analysis.most_survived_pclass 2019-01-01T00:00:00+00:00 [queued]>
[2019-09-10 10:01:46,417] {taskinstance.py:620} INFO - Dependencies all met for <TaskInstance: ahhaha_titanic_analysis.most_survived_pclass 2019-01-01T00:00:00+00:00 [queued]>
[2019-09-10 10:01:46,417] {taskinstance.py:838} INFO - 
--------------------------------------------------------------------------------
[2019-09-10 10:01:46,418] {taskinstance.py:839} INFO - Starting attempt 3 of 3
[2019-09-10 10:01:46,418] {taskinstance.py:840} INFO - 
--------------------------------------------------------------------------------
[2019-09-10 10:01:46,438] {taskinstance.py:859} INFO - Executing <Task(PythonOperator): most_survived_pclass> on 2019-01-01T00:00:00+00:00
[2019-09-10 10:01:46,438] {base_task_runner.py:133} INFO - Running: ['airflow', 'run', 'ahhaha_titanic_analysis', 'most_survived_pclass', '2019-01-01T00:00:00+00:00', '--job_id', '89', '--pool', 'default_pool', '--raw', '-sd', 'DAGS_FOLDER/operations.py', '--cfg_path', '/tmp/tmpgroot6k5']
[2019-09-10 10:01:46,867] {base_task_runner.py:115} INFO - Job 89: Subtask most_survived_pclass [2019-09-10 10:01:46,867] {__init__.py:51} INFO - Using executor SequentialExecutor
[2019-09-10 10:01:47,143] {base_task_runner.py:115} INFO - Job 89: Subtask most_survived_pclass [2019-09-10 10:01:47,142] {dagbag.py:90} INFO - Filling up the DagBag from /home/jennie/airflow/dags/operations.py
[2019-09-10 10:01:47,375] {base_task_runner.py:115} INFO - Job 89: Subtask most_survived_pclass /home/jennie/workspace/airflow_venv/lib/python3.7/site-packages/airflow/utils/helpers.py:423: DeprecationWarning: Importing 'PythonOperator' directly from 'airflow.operators' has been deprecated. Please import from 'airflow.operators.[operator_module]' instead. Support for direct imports will be dropped entirely in Airflow 2.0.
[2019-09-10 10:01:47,375] {base_task_runner.py:115} INFO - Job 89: Subtask most_survived_pclass   DeprecationWarning)
[2019-09-10 10:01:47,375] {base_task_runner.py:115} INFO - Job 89: Subtask most_survived_pclass /home/jennie/workspace/airflow_venv/lib/python3.7/site-packages/airflow/utils/helpers.py:423: DeprecationWarning: Importing 'DummyOperator' directly from 'airflow.operators' has been deprecated. Please import from 'airflow.operators.[operator_module]' instead. Support for direct imports will be dropped entirely in Airflow 2.0.
[2019-09-10 10:01:47,375] {base_task_runner.py:115} INFO - Job 89: Subtask most_survived_pclass   DeprecationWarning)
[2019-09-10 10:01:47,458] {base_task_runner.py:115} INFO - Job 89: Subtask most_survived_pclass [2019-09-10 10:01:47,457] {credentials.py:1182} INFO - Found credentials in shared credentials file: ~/.aws/credentials
[2019-09-10 10:01:53,558] {base_task_runner.py:115} INFO - Job 89: Subtask most_survived_pclass [2019-09-10 10:01:53,558] {cli.py:516} INFO - Running <TaskInstance: ahhaha_titanic_analysis.most_survived_pclass 2019-01-01T00:00:00+00:00 [running]> on host Jennie-ubuntu-GX501VSK
[2019-09-10 10:01:53,565] {python_operator.py:105} INFO - Exporting the following env vars:
AIRFLOW_CTX_DAG_ID=ahhaha_titanic_analysis
AIRFLOW_CTX_TASK_ID=most_survived_pclass
AIRFLOW_CTX_EXECUTION_DATE=2019-01-01T00:00:00+00:00
AIRFLOW_CTX_DAG_RUN_ID=scheduled__2019-01-01T00:00:00+00:00
[2019-09-10 10:01:53,565] {taskinstance.py:1051} ERROR - most_survived_pclass() missing 1 required positional argument: 'bucket_name'
Traceback (most recent call last):
  File "/home/jennie/workspace/airflow_venv/lib/python3.7/site-packages/airflow/models/taskinstance.py", line 926, in _run_raw_task
    result = task_copy.execute(context=context)
  File "/home/jennie/workspace/airflow_venv/lib/python3.7/site-packages/airflow/operators/python_operator.py", line 113, in execute
    return_value = self.execute_callable()
  File "/home/jennie/workspace/airflow_venv/lib/python3.7/site-packages/airflow/operators/python_operator.py", line 118, in execute_callable
    return self.python_callable(*self.op_args, **self.op_kwargs)
TypeError: most_survived_pclass() missing 1 required positional argument: 'bucket_name'
[2019-09-10 10:01:53,566] {taskinstance.py:1082} INFO - Marking task as FAILED.
[2019-09-10 10:01:53,595] {base_task_runner.py:115} INFO - Job 89: Subtask most_survived_pclass Traceback (most recent call last):
[2019-09-10 10:01:53,595] {base_task_runner.py:115} INFO - Job 89: Subtask most_survived_pclass   File "/home/jennie/workspace/airflow_venv/bin/airflow", line 32, in <module>
[2019-09-10 10:01:53,595] {base_task_runner.py:115} INFO - Job 89: Subtask most_survived_pclass     args.func(args)
[2019-09-10 10:01:53,595] {base_task_runner.py:115} INFO - Job 89: Subtask most_survived_pclass   File "/home/jennie/workspace/airflow_venv/lib/python3.7/site-packages/airflow/utils/cli.py", line 74, in wrapper
[2019-09-10 10:01:53,595] {base_task_runner.py:115} INFO - Job 89: Subtask most_survived_pclass     return f(*args, **kwargs)
[2019-09-10 10:01:53,595] {base_task_runner.py:115} INFO - Job 89: Subtask most_survived_pclass   File "/home/jennie/workspace/airflow_venv/lib/python3.7/site-packages/airflow/bin/cli.py", line 522, in run
[2019-09-10 10:01:53,595] {base_task_runner.py:115} INFO - Job 89: Subtask most_survived_pclass     _run(args, dag, ti)
[2019-09-10 10:01:53,595] {base_task_runner.py:115} INFO - Job 89: Subtask most_survived_pclass   File "/home/jennie/workspace/airflow_venv/lib/python3.7/site-packages/airflow/bin/cli.py", line 440, in _run
[2019-09-10 10:01:53,596] {base_task_runner.py:115} INFO - Job 89: Subtask most_survived_pclass     pool=args.pool,
[2019-09-10 10:01:53,596] {base_task_runner.py:115} INFO - Job 89: Subtask most_survived_pclass   File "/home/jennie/workspace/airflow_venv/lib/python3.7/site-packages/airflow/utils/db.py", line 74, in wrapper
[2019-09-10 10:01:53,596] {base_task_runner.py:115} INFO - Job 89: Subtask most_survived_pclass     return func(*args, **kwargs)
[2019-09-10 10:01:53,596] {base_task_runner.py:115} INFO - Job 89: Subtask most_survived_pclass   File "/home/jennie/workspace/airflow_venv/lib/python3.7/site-packages/airflow/models/taskinstance.py", line 926, in _run_raw_task
[2019-09-10 10:01:53,596] {base_task_runner.py:115} INFO - Job 89: Subtask most_survived_pclass     result = task_copy.execute(context=context)
[2019-09-10 10:01:53,596] {base_task_runner.py:115} INFO - Job 89: Subtask most_survived_pclass   File "/home/jennie/workspace/airflow_venv/lib/python3.7/site-packages/airflow/operators/python_operator.py", line 113, in execute
[2019-09-10 10:01:53,596] {base_task_runner.py:115} INFO - Job 89: Subtask most_survived_pclass     return_value = self.execute_callable()
[2019-09-10 10:01:53,596] {base_task_runner.py:115} INFO - Job 89: Subtask most_survived_pclass   File "/home/jennie/workspace/airflow_venv/lib/python3.7/site-packages/airflow/operators/python_operator.py", line 118, in execute_callable
[2019-09-10 10:01:53,596] {base_task_runner.py:115} INFO - Job 89: Subtask most_survived_pclass     return self.python_callable(*self.op_args, **self.op_kwargs)
[2019-09-10 10:01:53,596] {base_task_runner.py:115} INFO - Job 89: Subtask most_survived_pclass TypeError: most_survived_pclass() missing 1 required positional argument: 'bucket_name'
[2019-09-10 10:01:56,421] {logging_mixin.py:95} INFO - [[34m2019-09-10 10:01:56,419[0m] {[34mlocal_task_job.py:[0m105} INFO[0m - Task exited with return code 1[0m
