[2019-09-10 10:37:36,355] {taskinstance.py:620} INFO - Dependencies all met for <TaskInstance: abbbbbbbbb_titanic_analysis.num_of_survivors 2019-01-01T00:00:00+00:00 [queued]>
[2019-09-10 10:37:36,364] {taskinstance.py:620} INFO - Dependencies all met for <TaskInstance: abbbbbbbbb_titanic_analysis.num_of_survivors 2019-01-01T00:00:00+00:00 [queued]>
[2019-09-10 10:37:36,364] {taskinstance.py:838} INFO - 
--------------------------------------------------------------------------------
[2019-09-10 10:37:36,364] {taskinstance.py:839} INFO - Starting attempt 1 of 1
[2019-09-10 10:37:36,364] {taskinstance.py:840} INFO - 
--------------------------------------------------------------------------------
[2019-09-10 10:37:36,385] {taskinstance.py:859} INFO - Executing <Task(PythonOperator): num_of_survivors> on 2019-01-01T00:00:00+00:00
[2019-09-10 10:37:36,385] {base_task_runner.py:133} INFO - Running: ['airflow', 'run', 'abbbbbbbbb_titanic_analysis', 'num_of_survivors', '2019-01-01T00:00:00+00:00', '--job_id', '98', '--pool', 'default_pool', '--raw', '-sd', 'DAGS_FOLDER/titanic_dag.py', '--cfg_path', '/tmp/tmpdnudv_om']
[2019-09-10 10:37:36,888] {base_task_runner.py:115} INFO - Job 98: Subtask num_of_survivors [2019-09-10 10:37:36,888] {__init__.py:51} INFO - Using executor SequentialExecutor
[2019-09-10 10:37:37,188] {base_task_runner.py:115} INFO - Job 98: Subtask num_of_survivors [2019-09-10 10:37:37,188] {dagbag.py:90} INFO - Filling up the DagBag from /home/jennie/airflow/dags/titanic_dag.py
[2019-09-10 10:37:37,455] {base_task_runner.py:115} INFO - Job 98: Subtask num_of_survivors /home/jennie/workspace/airflow_venv/lib/python3.7/site-packages/airflow/utils/helpers.py:423: DeprecationWarning: Importing 'PythonOperator' directly from 'airflow.operators' has been deprecated. Please import from 'airflow.operators.[operator_module]' instead. Support for direct imports will be dropped entirely in Airflow 2.0.
[2019-09-10 10:37:37,455] {base_task_runner.py:115} INFO - Job 98: Subtask num_of_survivors   DeprecationWarning)
[2019-09-10 10:37:37,456] {base_task_runner.py:115} INFO - Job 98: Subtask num_of_survivors /home/jennie/workspace/airflow_venv/lib/python3.7/site-packages/airflow/utils/helpers.py:423: DeprecationWarning: Importing 'DummyOperator' directly from 'airflow.operators' has been deprecated. Please import from 'airflow.operators.[operator_module]' instead. Support for direct imports will be dropped entirely in Airflow 2.0.
[2019-09-10 10:37:37,456] {base_task_runner.py:115} INFO - Job 98: Subtask num_of_survivors   DeprecationWarning)
[2019-09-10 10:37:37,554] {base_task_runner.py:115} INFO - Job 98: Subtask num_of_survivors [2019-09-10 10:37:37,553] {credentials.py:1182} INFO - Found credentials in shared credentials file: ~/.aws/credentials
[2019-09-10 10:37:39,730] {base_task_runner.py:115} INFO - Job 98: Subtask num_of_survivors [2019-09-10 10:37:39,728] {cli.py:516} INFO - Running <TaskInstance: abbbbbbbbb_titanic_analysis.num_of_survivors 2019-01-01T00:00:00+00:00 [running]> on host Jennie-ubuntu-GX501VSK
[2019-09-10 10:37:39,752] {python_operator.py:105} INFO - Exporting the following env vars:
AIRFLOW_CTX_DAG_ID=abbbbbbbbb_titanic_analysis
AIRFLOW_CTX_TASK_ID=num_of_survivors
AIRFLOW_CTX_EXECUTION_DATE=2019-01-01T00:00:00+00:00
AIRFLOW_CTX_DAG_RUN_ID=scheduled__2019-01-01T00:00:00+00:00
[2019-09-10 10:37:39,769] {logging_mixin.py:95} INFO -           PassengerId
Survived             
0                 549
1                 342
[2019-09-10 10:37:40,200] {taskinstance.py:1051} ERROR - name 's3' is not defined
Traceback (most recent call last):
  File "/home/jennie/workspace/airflow_venv/lib/python3.7/site-packages/airflow/models/taskinstance.py", line 926, in _run_raw_task
    result = task_copy.execute(context=context)
  File "/home/jennie/workspace/airflow_venv/lib/python3.7/site-packages/airflow/operators/python_operator.py", line 113, in execute
    return_value = self.execute_callable()
  File "/home/jennie/workspace/airflow_venv/lib/python3.7/site-packages/airflow/operators/python_operator.py", line 118, in execute_callable
    return self.python_callable(*self.op_args, **self.op_kwargs)
  File "/home/jennie/airflow/dags/task6_num_survivors.py", line 22, in num_of_survivors
    upload_result_to_s3(bucket_name, dest_s3_csv, local_path_csv, dest_s3_img, local_path_img)
  File "/home/jennie/airflow/dags/task4_pclass_most_survived.py", line 15, in upload_result_to_s3
    simple_upload(bucket_name, dest_s3_csv, local_path_csv)
  File "/home/jennie/airflow/dags/task4_pclass_most_survived.py", line 10, in simple_upload
    s3_obj = s3.Object(bucket_name=bucket_name, key=key)
NameError: name 's3' is not defined
[2019-09-10 10:37:40,201] {taskinstance.py:1082} INFO - Marking task as FAILED.
[2019-09-10 10:37:40,233] {base_task_runner.py:115} INFO - Job 98: Subtask num_of_survivors Traceback (most recent call last):
[2019-09-10 10:37:40,233] {base_task_runner.py:115} INFO - Job 98: Subtask num_of_survivors   File "/home/jennie/workspace/airflow_venv/bin/airflow", line 32, in <module>
[2019-09-10 10:37:40,233] {base_task_runner.py:115} INFO - Job 98: Subtask num_of_survivors     args.func(args)
[2019-09-10 10:37:40,233] {base_task_runner.py:115} INFO - Job 98: Subtask num_of_survivors   File "/home/jennie/workspace/airflow_venv/lib/python3.7/site-packages/airflow/utils/cli.py", line 74, in wrapper
[2019-09-10 10:37:40,234] {base_task_runner.py:115} INFO - Job 98: Subtask num_of_survivors     return f(*args, **kwargs)
[2019-09-10 10:37:40,234] {base_task_runner.py:115} INFO - Job 98: Subtask num_of_survivors   File "/home/jennie/workspace/airflow_venv/lib/python3.7/site-packages/airflow/bin/cli.py", line 522, in run
[2019-09-10 10:37:40,234] {base_task_runner.py:115} INFO - Job 98: Subtask num_of_survivors     _run(args, dag, ti)
[2019-09-10 10:37:40,234] {base_task_runner.py:115} INFO - Job 98: Subtask num_of_survivors   File "/home/jennie/workspace/airflow_venv/lib/python3.7/site-packages/airflow/bin/cli.py", line 440, in _run
[2019-09-10 10:37:40,234] {base_task_runner.py:115} INFO - Job 98: Subtask num_of_survivors     pool=args.pool,
[2019-09-10 10:37:40,234] {base_task_runner.py:115} INFO - Job 98: Subtask num_of_survivors   File "/home/jennie/workspace/airflow_venv/lib/python3.7/site-packages/airflow/utils/db.py", line 74, in wrapper
[2019-09-10 10:37:40,234] {base_task_runner.py:115} INFO - Job 98: Subtask num_of_survivors     return func(*args, **kwargs)
[2019-09-10 10:37:40,234] {base_task_runner.py:115} INFO - Job 98: Subtask num_of_survivors   File "/home/jennie/workspace/airflow_venv/lib/python3.7/site-packages/airflow/models/taskinstance.py", line 926, in _run_raw_task
[2019-09-10 10:37:40,234] {base_task_runner.py:115} INFO - Job 98: Subtask num_of_survivors     result = task_copy.execute(context=context)
[2019-09-10 10:37:40,234] {base_task_runner.py:115} INFO - Job 98: Subtask num_of_survivors   File "/home/jennie/workspace/airflow_venv/lib/python3.7/site-packages/airflow/operators/python_operator.py", line 113, in execute
[2019-09-10 10:37:40,234] {base_task_runner.py:115} INFO - Job 98: Subtask num_of_survivors     return_value = self.execute_callable()
[2019-09-10 10:37:40,234] {base_task_runner.py:115} INFO - Job 98: Subtask num_of_survivors   File "/home/jennie/workspace/airflow_venv/lib/python3.7/site-packages/airflow/operators/python_operator.py", line 118, in execute_callable
[2019-09-10 10:37:40,234] {base_task_runner.py:115} INFO - Job 98: Subtask num_of_survivors     return self.python_callable(*self.op_args, **self.op_kwargs)
[2019-09-10 10:37:40,234] {base_task_runner.py:115} INFO - Job 98: Subtask num_of_survivors   File "/home/jennie/airflow/dags/task6_num_survivors.py", line 22, in num_of_survivors
[2019-09-10 10:37:40,234] {base_task_runner.py:115} INFO - Job 98: Subtask num_of_survivors     upload_result_to_s3(bucket_name, dest_s3_csv, local_path_csv, dest_s3_img, local_path_img)
[2019-09-10 10:37:40,234] {base_task_runner.py:115} INFO - Job 98: Subtask num_of_survivors   File "/home/jennie/airflow/dags/task4_pclass_most_survived.py", line 15, in upload_result_to_s3
[2019-09-10 10:37:40,234] {base_task_runner.py:115} INFO - Job 98: Subtask num_of_survivors     simple_upload(bucket_name, dest_s3_csv, local_path_csv)
[2019-09-10 10:37:40,234] {base_task_runner.py:115} INFO - Job 98: Subtask num_of_survivors   File "/home/jennie/airflow/dags/task4_pclass_most_survived.py", line 10, in simple_upload
[2019-09-10 10:37:40,234] {base_task_runner.py:115} INFO - Job 98: Subtask num_of_survivors     s3_obj = s3.Object(bucket_name=bucket_name, key=key)
[2019-09-10 10:37:40,234] {base_task_runner.py:115} INFO - Job 98: Subtask num_of_survivors NameError: name 's3' is not defined
[2019-09-10 10:37:41,364] {logging_mixin.py:95} INFO - [[34m2019-09-10 10:37:41,362[0m] {[34mlocal_task_job.py:[0m105} INFO[0m - Task exited with return code 1[0m
