[2019-09-10 11:00:26,977] {taskinstance.py:620} INFO - Dependencies all met for <TaskInstance: abbbbbbbbb_titanic_analysis.num_of_survivors 2019-01-01T00:00:00+00:00 [queued]>
[2019-09-10 11:00:26,982] {taskinstance.py:620} INFO - Dependencies all met for <TaskInstance: abbbbbbbbb_titanic_analysis.num_of_survivors 2019-01-01T00:00:00+00:00 [queued]>
[2019-09-10 11:00:26,982] {taskinstance.py:838} INFO - 
--------------------------------------------------------------------------------
[2019-09-10 11:00:26,982] {taskinstance.py:839} INFO - Starting attempt 2 of 2
[2019-09-10 11:00:26,982] {taskinstance.py:840} INFO - 
--------------------------------------------------------------------------------
[2019-09-10 11:00:27,002] {taskinstance.py:859} INFO - Executing <Task(PythonOperator): num_of_survivors> on 2019-01-01T00:00:00+00:00
[2019-09-10 11:00:27,002] {base_task_runner.py:133} INFO - Running: ['airflow', 'run', 'abbbbbbbbb_titanic_analysis', 'num_of_survivors', '2019-01-01T00:00:00+00:00', '--job_id', '104', '--pool', 'default_pool', '--raw', '-sd', 'DAGS_FOLDER/titanic_dag.py', '--cfg_path', '/tmp/tmpruv5ziir']
[2019-09-10 11:00:27,386] {base_task_runner.py:115} INFO - Job 104: Subtask num_of_survivors [2019-09-10 11:00:27,386] {__init__.py:51} INFO - Using executor SequentialExecutor
[2019-09-10 11:00:27,650] {base_task_runner.py:115} INFO - Job 104: Subtask num_of_survivors [2019-09-10 11:00:27,650] {dagbag.py:90} INFO - Filling up the DagBag from /home/jennie/airflow/dags/titanic_dag.py
[2019-09-10 11:00:27,866] {base_task_runner.py:115} INFO - Job 104: Subtask num_of_survivors /home/jennie/workspace/airflow_venv/lib/python3.7/site-packages/airflow/utils/helpers.py:423: DeprecationWarning: Importing 'PythonOperator' directly from 'airflow.operators' has been deprecated. Please import from 'airflow.operators.[operator_module]' instead. Support for direct imports will be dropped entirely in Airflow 2.0.
[2019-09-10 11:00:27,866] {base_task_runner.py:115} INFO - Job 104: Subtask num_of_survivors   DeprecationWarning)
[2019-09-10 11:00:27,866] {base_task_runner.py:115} INFO - Job 104: Subtask num_of_survivors /home/jennie/workspace/airflow_venv/lib/python3.7/site-packages/airflow/utils/helpers.py:423: DeprecationWarning: Importing 'DummyOperator' directly from 'airflow.operators' has been deprecated. Please import from 'airflow.operators.[operator_module]' instead. Support for direct imports will be dropped entirely in Airflow 2.0.
[2019-09-10 11:00:27,866] {base_task_runner.py:115} INFO - Job 104: Subtask num_of_survivors   DeprecationWarning)
[2019-09-10 11:00:27,943] {base_task_runner.py:115} INFO - Job 104: Subtask num_of_survivors [2019-09-10 11:00:27,943] {credentials.py:1182} INFO - Found credentials in shared credentials file: ~/.aws/credentials
[2019-09-10 11:00:30,424] {base_task_runner.py:115} INFO - Job 104: Subtask num_of_survivors [2019-09-10 11:00:30,423] {cli.py:516} INFO - Running <TaskInstance: abbbbbbbbb_titanic_analysis.num_of_survivors 2019-01-01T00:00:00+00:00 [running]> on host Jennie-ubuntu-GX501VSK
[2019-09-10 11:00:30,428] {python_operator.py:105} INFO - Exporting the following env vars:
AIRFLOW_CTX_DAG_ID=abbbbbbbbb_titanic_analysis
AIRFLOW_CTX_TASK_ID=num_of_survivors
AIRFLOW_CTX_EXECUTION_DATE=2019-01-01T00:00:00+00:00
AIRFLOW_CTX_DAG_RUN_ID=scheduled__2019-01-01T00:00:00+00:00
[2019-09-10 11:00:30,434] {logging_mixin.py:95} INFO -           PassengerId
Survived             
0                 549
1                 342
[2019-09-10 11:00:33,278] {python_operator.py:114} INFO - Done. Returned value was: None
[2019-09-10 11:00:36,997] {logging_mixin.py:95} INFO - [[34m2019-09-10 11:00:36,996[0m] {[34mlocal_task_job.py:[0m105} INFO[0m - Task exited with return code 0[0m
